<?xml version="1.0" encoding="UTF-8"?>
<!-- Generated by org.testng.reporters.JUnitXMLReporter -->
<testsuite hostname="DESKTOP-HPV4KNO" ignored="0" name="Test" tests="6" failures="0" timestamp="2021-12-24T17:27:30 IST" time="0.106" errors="0">
  <testcase name="TC1" time="0.012" classname="com.atipune.testng.basics.Demo1"/>
  <testcase name="TC2" time="0.001" classname="com.atipune.testng.basics.Demo1"/>
  <testcase name="TC3" time="0.002" classname="com.atipune.testng.basics.Demo1"/>
  <testcase name="TC4" time="0.005" classname="com.atipune.testng.basics.Demo2"/>
  <testcase name="TC5" time="0.002" classname="com.atipune.testng.basics.Demo2"/>
  <testcase name="TC6" time="0.005" classname="com.atipune.testng.basics.Demo2"/>
</testsuite> <!-- Test -->
