<?xml version="1.0" encoding="UTF-8"?>
<!-- Generated by org.testng.reporters.JUnitXMLReporter -->
<testsuite hostname="DESKTOP-HPV4KNO" ignored="0" name="Test" tests="3" failures="0" timestamp="2021-12-08T13:59:04 IST" time="37.712" errors="0">
  <testcase name="TC1" time="11.534" classname="com.atipune.testng.basics.Parallel1"/>
  <testcase name="TC1" time="12.214" classname="com.atipune.testng.basics.Parallel2"/>
  <testcase name="TC1" time="13.887" classname="com.atipune.testng.basics.Parallel3"/>
</testsuite> <!-- Test -->
